<?xml version="1.0" encoding="UTF-8"?>
<!-- Generated by org.testng.reporters.JUnitXMLReporter -->
<testsuite ignored="2" hostname="Vinusha_Mahesh" failures="0" tests="1" name="Default test" time="266.854" errors="0" timestamp="2026-01-13T12:14:29 IST">
  <testcase classname="com.comcast.crm.groupexecution.ContactTest" name="createContactTest" time="259.144"/>
  <testcase classname="com.comcast.crm.groupexecution.ContactTest" name="createContactWithOrgNameTest" time="0.0">
    <ignored/>
  </testcase> <!-- createContactWithOrgNameTest -->
  <testcase classname="com.comcast.crm.groupexecution.ContactTest" name="contctWithSupportDate" time="0.0">
    <ignored/>
  </testcase> <!-- contctWithSupportDate -->
</testsuite> <!-- Default test -->
