<?xml version="1.0" encoding="UTF-8"?>
<!-- Generated by org.testng.reporters.JUnitReportReporter -->
<testsuite hostname="Vinusha_Mahesh" failures="0" tests="3" name="com.comcast.crm.producttsest.ProductTest" time="118.059" errors="0" timestamp="2025-12-30T10:56:55 IST" skipped="0">
  <testcase classname="com.comcast.crm.producttsest.ProductTest" name="CreateProductTest" time="34.632"/>
  <testcase classname="com.comcast.crm.producttsest.ProductTest" name="CreateProductWithCategoryTest" time="46.194"/>
  <testcase classname="com.comcast.crm.producttsest.ProductTest" name="CreateProductWithSalesDateTest" time="37.233"/>
</testsuite> <!-- com.comcast.crm.producttsest.ProductTest -->
