<?xml version="1.0" encoding="UTF-8"?>
<!-- Generated by org.testng.reporters.JUnitReportReporter -->
<testsuite hostname="Vinusha_Mahesh" failures="0" tests="4" name="com.comcast.crm.others.DataProviderWithAmazon" time="26.227" errors="0" timestamp="2025-12-30T18:12:50 IST" skipped="0">
  <testcase classname="com.comcast.crm.others.DataProviderWithAmazon" name="receiveProduct" time="6.703"/>
  <testcase classname="com.comcast.crm.others.DataProviderWithAmazon" name="receiveProduct" time="5.538"/>
  <testcase classname="com.comcast.crm.others.DataProviderWithAmazon" name="receiveProduct" time="8.055"/>
  <testcase classname="com.comcast.crm.others.DataProviderWithAmazon" name="receiveProduct" time="5.931"/>
</testsuite> <!-- com.comcast.crm.others.DataProviderWithAmazon -->
