<?xml version="1.0" encoding="UTF-8"?>
<!-- Generated by org.testng.reporters.JUnitReportReporter -->
<testsuite hostname="Vinusha_Mahesh" failures="0" tests="10" name="com.comcast.crm.others.DataProviderExample" time="0.028" errors="0" timestamp="2025-12-30T18:08:16 IST" skipped="0">
  <testcase classname="com.comcast.crm.others.DataProviderExample" name="receiveDataProviderData" time="0.001"/>
  <testcase classname="com.comcast.crm.others.DataProviderExample" name="receiveDataProviderData" time="0.001"/>
  <testcase classname="com.comcast.crm.others.DataProviderExample" name="receiveDataProviderData" time="0.001"/>
  <testcase classname="com.comcast.crm.others.DataProviderExample" name="receiveDataProviderData" time="0.002"/>
  <testcase classname="com.comcast.crm.others.DataProviderExample" name="receiveDataProviderData" time="0.002"/>
  <testcase classname="com.comcast.crm.others.DataProviderExample" name="receiveDataProviderData" time="0.002"/>
  <testcase classname="com.comcast.crm.others.DataProviderExample" name="receiveDataProviderData" time="0.015"/>
  <testcase classname="com.comcast.crm.others.DataProviderExample" name="receiveDataProviderData" time="0.002"/>
  <testcase classname="com.comcast.crm.others.DataProviderExample" name="receiveDataProviderData" time="0.001"/>
  <testcase classname="com.comcast.crm.others.DataProviderExample" name="receiveDataProviderData" time="0.001"/>
</testsuite> <!-- com.comcast.crm.others.DataProviderExample -->
