<?xml version="1.0" encoding="UTF-8"?>
<!-- Generated by org.testng.reporters.JUnitReportReporter -->
<testsuite hostname="Vinusha_Mahesh" failures="0" tests="3" name="com.comcast.crm.orgtest.OrganizationTest" time="131.343" errors="0" timestamp="2025-12-30T10:56:55 IST" skipped="0">
  <testcase classname="com.comcast.crm.orgtest.OrganizationTest" name="createOrgWithPhNo" time="41.224"/>
  <testcase classname="com.comcast.crm.orgtest.OrganizationTest" name="CreateOrgWithIndustry" time="46.616"/>
  <testcase classname="com.comcast.crm.orgtest.OrganizationTest" name="createOrganizationTest" time="43.503"/>
</testsuite> <!-- com.comcast.crm.orgtest.OrganizationTest -->
