<?xml version="1.0" encoding="UTF-8"?>
<!-- Generated by org.testng.reporters.JUnitReportReporter -->
<testsuite hostname="Vinusha_Mahesh" failures="0" tests="1" name="com.comcast.crm.groupexecution.ContactTest" time="264.045" errors="0" timestamp="2026-01-13T12:14:30 IST" skipped="0">
  <testcase classname="com.comcast.crm.groupexecution.ContactTest" name="createContactTest" time="264.045">
    <system-out>
      <![CDATA[createContactTest----onTestStart--->
createContactTest is onTestSuccess]]>
    </system-out>
  </testcase> <!-- createContactTest -->
  <system-out>
    <![CDATA[Default suite----Report configuration started----
createContactTest----onTestStart--->
createContactTest is onTestSuccess]]>
  </system-out>
</testsuite> <!-- com.comcast.crm.groupexecution.ContactTest -->
