<?xml version="1.0" encoding="UTF-8"?>
<!-- Generated by org.testng.reporters.JUnitReportReporter -->
<testsuite hostname="Vinusha_Mahesh" failures="0" tests="3" name="com.comcast.crm.groupexecution.ProductTest" time="86.654" errors="0" timestamp="2026-01-03T13:14:19 IST" skipped="0">
  <testcase classname="com.comcast.crm.groupexecution.ProductTest" name="CreateProductWithCategoryTest" time="29.271">
    <system-out>
      <![CDATA[CreateProductWithCategoryTest----onTestStart--->
CreateProductWithCategoryTest is onTestSuccess]]>
    </system-out>
  </testcase> <!-- CreateProductWithCategoryTest -->
  <testcase classname="com.comcast.crm.groupexecution.ProductTest" name="CreateProductTest" time="28.645">
    <system-out>
      <![CDATA[CreateProductTest----onTestStart--->
CreateProductTest is onTestSuccess]]>
    </system-out>
  </testcase> <!-- CreateProductTest -->
  <testcase classname="com.comcast.crm.groupexecution.ProductTest" name="CreateProductWithSalesDateTest" time="28.738">
    <system-out>
      <![CDATA[CreateProductWithSalesDateTest----onTestStart--->
CreateProductWithSalesDateTest is onTestSuccess]]>
    </system-out>
  </testcase> <!-- CreateProductWithSalesDateTest -->
  <system-out>
    <![CDATA[Suite----Report configuration started----
contctWithSupportDate----onTestStart--->
contctWithSupportDate is onTestSuccess
createContactTest----onTestStart--->
createContactTest is onTestSuccess
createContactWithOrgNameTest----onTestStart--->
createContactWithOrgNameTest is onTestSuccess
createLeadWithAssinedTest----onTestStart--->
createLeadWithAssinedTest is onTestSuccess
createLeadWithName----onTestStart--->
createLeadWithName is onTestSuccess
deleteLead----onTestStart--->
CreateOrgWithIndustry----onTestStart--->
CreateOrgWithIndustry is onTestSuccess
createOrgWithPhNo----onTestStart--->
createOrgWithPhNo is onTestSuccess
createOrganizationTest----onTestStart--->
createOrganizationTest is onTestSuccess
CreateProductTest----onTestStart--->
CreateProductTest is onTestSuccess
CreateProductWithCategoryTest----onTestStart--->
CreateProductWithCategoryTest is onTestSuccess
CreateProductWithSalesDateTest----onTestStart--->
CreateProductWithSalesDateTest is onTestSuccess]]>
  </system-out>
</testsuite> <!-- com.comcast.crm.groupexecution.ProductTest -->
