<?xml version="1.0" encoding="UTF-8"?>
<!-- Generated by org.testng.reporters.JUnitReportReporter -->
<testsuite hostname="Vinusha_Mahesh" failures="0" tests="3" name="com.comcast.crm.groupexecution.OrganizationTest" time="94.758" errors="0" timestamp="2026-01-03T13:14:19 IST" skipped="0">
  <testcase classname="com.comcast.crm.groupexecution.OrganizationTest" name="createOrganizationTest" time="32.128">
    <system-out>
      <![CDATA[createOrganizationTest----onTestStart--->
createOrganizationTest is onTestSuccess]]>
    </system-out>
  </testcase> <!-- createOrganizationTest -->
  <testcase classname="com.comcast.crm.groupexecution.OrganizationTest" name="CreateOrgWithIndustry" time="30.073">
    <system-out>
      <![CDATA[CreateOrgWithIndustry----onTestStart--->
CreateOrgWithIndustry is onTestSuccess]]>
    </system-out>
  </testcase> <!-- CreateOrgWithIndustry -->
  <testcase classname="com.comcast.crm.groupexecution.OrganizationTest" name="createOrgWithPhNo" time="32.557">
    <system-out>
      <![CDATA[createOrgWithPhNo----onTestStart--->
createOrgWithPhNo is onTestSuccess]]>
    </system-out>
  </testcase> <!-- createOrgWithPhNo -->
  <system-out>
    <![CDATA[Suite----Report configuration started----
contctWithSupportDate----onTestStart--->
contctWithSupportDate is onTestSuccess
createContactTest----onTestStart--->
createContactTest is onTestSuccess
createContactWithOrgNameTest----onTestStart--->
createContactWithOrgNameTest is onTestSuccess
createLeadWithAssinedTest----onTestStart--->
createLeadWithAssinedTest is onTestSuccess
createLeadWithName----onTestStart--->
createLeadWithName is onTestSuccess
deleteLead----onTestStart--->
CreateOrgWithIndustry----onTestStart--->
CreateOrgWithIndustry is onTestSuccess
createOrgWithPhNo----onTestStart--->
createOrgWithPhNo is onTestSuccess
createOrganizationTest----onTestStart--->
createOrganizationTest is onTestSuccess
CreateProductTest----onTestStart--->
CreateProductTest is onTestSuccess
CreateProductWithCategoryTest----onTestStart--->
CreateProductWithCategoryTest is onTestSuccess
CreateProductWithSalesDateTest----onTestStart--->
CreateProductWithSalesDateTest is onTestSuccess]]>
  </system-out>
</testsuite> <!-- com.comcast.crm.groupexecution.OrganizationTest -->
