<?xml version="1.0" encoding="UTF-8"?>
<testng-results ignored="2" total="3" passed="1" failed="0" skipped="0">
  <reporter-output>
    <line>
      <![CDATA[Default suite----Report configuration started----]]>
    </line>
    <line>
      <![CDATA[createContactTest----onTestStart--->]]>
    </line>
    <line>
      <![CDATA[createContactTest is onTestSuccess]]>
    </line>
  </reporter-output>
  <suite started-at="2026-01-13T12:10:02 IST" name="Default suite" finished-at="2026-01-13T12:14:29 IST" duration-ms="266854">
    <groups>
    </groups>
    <test started-at="2026-01-13T12:10:02 IST" name="Default test" finished-at="2026-01-13T12:14:29 IST" duration-ms="266854">
      <class name="com.comcast.crm.groupexecution.ContactTest">
        <test-method is-config="true" signature="connectToDB()[pri:0, instance:com.comcast.crm.groupexecution.ContactTest@1b919693]" started-at="2026-01-13T12:10:02 IST" name="connectToDB" finished-at="2026-01-13T12:10:02 IST" duration-ms="356" status="PASS">
          <reporter-output>
          </reporter-output>
        </test-method> <!-- connectToDB -->
        <test-method is-config="true" signature="openBrowser()[pri:0, instance:com.comcast.crm.groupexecution.ContactTest@1b919693]" started-at="2026-01-13T12:10:02 IST" name="openBrowser" finished-at="2026-01-13T12:10:05 IST" duration-ms="2200" status="PASS">
          <reporter-output>
          </reporter-output>
        </test-method> <!-- openBrowser -->
        <test-method is-config="true" signature="login()[pri:0, instance:com.comcast.crm.groupexecution.ContactTest@1b919693]" started-at="2026-01-13T12:10:05 IST" name="login" finished-at="2026-01-13T12:10:07 IST" duration-ms="2503" status="PASS">
          <reporter-output>
          </reporter-output>
        </test-method> <!-- login -->
        <test-method signature="createContactTest()[pri:0, instance:com.comcast.crm.groupexecution.ContactTest@1b919693]" started-at="2026-01-13T12:10:07 IST" name="createContactTest" finished-at="2026-01-13T12:14:26 IST" duration-ms="259144" status="PASS">
          <reporter-output>
            <line>
              <![CDATA[createContactTest----onTestStart--->]]>
            </line>
            <line>
              <![CDATA[createContactTest is onTestSuccess]]>
            </line>
          </reporter-output>
        </test-method> <!-- createContactTest -->
        <test-method is-config="true" signature="logOut()[pri:0, instance:com.comcast.crm.groupexecution.ContactTest@1b919693]" started-at="2026-01-13T12:14:26 IST" name="logOut" finished-at="2026-01-13T12:14:29 IST" duration-ms="2398" status="PASS">
          <reporter-output>
          </reporter-output>
        </test-method> <!-- logOut -->
        <test-method is-config="true" signature="closeBrowser()[pri:0, instance:com.comcast.crm.groupexecution.ContactTest@1b919693]" started-at="2026-01-13T12:14:29 IST" name="closeBrowser" finished-at="2026-01-13T12:14:29 IST" duration-ms="559" status="PASS">
          <reporter-output>
          </reporter-output>
        </test-method> <!-- closeBrowser -->
        <test-method is-config="true" signature="closeDBConnection()[pri:0, instance:com.comcast.crm.groupexecution.ContactTest@1b919693]" started-at="2026-01-13T12:14:29 IST" name="closeDBConnection" finished-at="2026-01-13T12:14:29 IST" duration-ms="5" status="PASS">
          <reporter-output>
          </reporter-output>
        </test-method> <!-- closeDBConnection -->
      </class> <!-- com.comcast.crm.groupexecution.ContactTest -->
    </test> <!-- Default test -->
  </suite> <!-- Default suite -->
</testng-results>
