<?xml version="1.0" encoding="UTF-8"?>
<!-- Generated by org.testng.reporters.JUnitXMLReporter -->
<testsuite ignored="0" hostname="Vinusha_Mahesh" failures="0" tests="3" name="Test1" time="147.704" errors="0" timestamp="2026-01-03T13:02:58 IST">
  <testcase classname="com.comcast.crm.groupexecution.ContactTest" name="contctWithSupportDate" time="35.556"/>
  <testcase classname="com.comcast.crm.groupexecution.ContactTest" name="createContactTest" time="23.595"/>
  <testcase classname="com.comcast.crm.groupexecution.ContactTest" name="createContactWithOrgNameTest" time="44.351"/>
</testsuite> <!-- Test1 -->
