<?xml version="1.0" encoding="UTF-8"?>
<!-- Generated by org.testng.reporters.JUnitXMLReporter -->
<testsuite ignored="0" hostname="Vinusha_Mahesh" failures="0" tests="3" name="Test4" time="131.819" errors="0" timestamp="2026-01-03T13:02:42 IST">
  <testcase classname="com.comcast.crm.groupexecution.ProductTest" name="CreateProductTest" time="38.295"/>
  <testcase classname="com.comcast.crm.groupexecution.ProductTest" name="CreateProductWithCategoryTest" time="28.045"/>
  <testcase classname="com.comcast.crm.groupexecution.ProductTest" name="CreateProductWithSalesDateTest" time="35.035"/>
</testsuite> <!-- Test4 -->
