<?xml version="1.0" encoding="UTF-8"?>
<!-- Generated by org.testng.reporters.JUnitXMLReporter -->
<testsuite ignored="0" hostname="Vinusha_Mahesh" failures="0" tests="3" name="Test3" time="141.332" errors="0" timestamp="2026-01-03T13:02:52 IST">
  <testcase classname="com.comcast.crm.groupexecution.OrganizationTest" name="CreateOrgWithIndustry" time="32.885"/>
  <testcase classname="com.comcast.crm.groupexecution.OrganizationTest" name="createOrgWithPhNo" time="30.905"/>
  <testcase classname="com.comcast.crm.groupexecution.OrganizationTest" name="createOrganizationTest" time="34.821"/>
</testsuite> <!-- Test3 -->
